[ 50%] [32mBuilding CXX object CMakeFiles/subscriber.dir/src/sub.cpp.o[0m
[ 50%] [32mBuilding CXX object CMakeFiles/publisher.dir/src/pub.cpp.o[0m
[01m[K/home/sajjad/Downloads/demo_ros2/ros2_ws/src/pub_sub_custom_msg1/src/pub.cpp:11:10:[m[K [01;31m[Kfatal error: [m[Kstd_msgs1/msg/string.hpp: No such file or directory
   11 | #include [01;31m[K"std_msgs1/msg/string.hpp"[m[K
      |          [01;31m[K^~~~~~~~~~~~~~~~~~~~~~~~~~[m[K
compilation terminated.
[01m[K/home/sajjad/Downloads/demo_ros2/ros2_ws/src/pub_sub_custom_msg1/src/sub.cpp:7:10:[m[K [01;31m[Kfatal error: [m[Kstd_msgs1/msg/string.hpp: No such file or directory
    7 | #include [01;31m[K"std_msgs1/msg/string.hpp"[m[K
      |          [01;31m[K^~~~~~~~~~~~~~~~~~~~~~~~~~[m[K
compilation terminated.
gmake[2]: *** [CMakeFiles/publisher.dir/build.make:76: CMakeFiles/publisher.dir/src/pub.cpp.o] Error 1
gmake[1]: *** [CMakeFiles/Makefile2:139: CMakeFiles/publisher.dir/all] Error 2
gmake[1]: *** Waiting for unfinished jobs....
gmake[2]: *** [CMakeFiles/subscriber.dir/build.make:76: CMakeFiles/subscriber.dir/src/sub.cpp.o] Error 1
gmake[1]: *** [CMakeFiles/Makefile2:165: CMakeFiles/subscriber.dir/all] Error 2
gmake: *** [Makefile:146: all] Error 2
