[0.082s] Invoking command in '/home/sajjad/Downloads/demo_ros2/ros2_ws/build/custom_msg1': CMAKE_PREFIX_PATH=/opt/ros/humble /usr/bin/cmake --build /home/sajjad/Downloads/demo_ros2/ros2_ws/build/custom_msg1 -- -j4 -l4
[0.112s] -- Found ament_cmake: 1.3.5 (/opt/ros/humble/share/ament_cmake/cmake)
[0.294s] -- Found rosidl_default_generators: 1.2.0 (/opt/ros/humble/share/rosidl_default_generators/cmake)
[0.295s] -- Using all available rosidl_typesupport_c: rosidl_typesupport_fastrtps_c;rosidl_typesupport_introspection_c
[0.299s] -- Found rosidl_adapter: 3.1.5 (/opt/ros/humble/share/rosidl_adapter/cmake)
[0.340s] -- Using all available rosidl_typesupport_cpp: rosidl_typesupport_fastrtps_cpp;rosidl_typesupport_introspection_cpp
[0.579s] [31mCMake Error at /opt/ros/humble/share/rosidl_adapter/cmake/rosidl_adapt_interfaces.cmake:59 (message):
[0.579s]   execute_process(/usr/bin/python3.10 -m rosidl_adapter --package-name
[0.579s]   custom_msg1 --arguments-file
[0.579s]   /home/sajjad/Downloads/demo_ros2/ros2_ws/build/custom_msg1/rosidl_adapter__arguments__custom_msg1.json
[0.579s]   --output-dir
[0.579s]   /home/sajjad/Downloads/demo_ros2/ros2_ws/build/custom_msg1/rosidl_adapter/custom_msg1
[0.579s]   --output-file
[0.580s]   /home/sajjad/Downloads/demo_ros2/ros2_ws/build/custom_msg1/rosidl_adapter/custom_msg1.idls)
[0.580s]   returned error code 1:
[0.580s] 
[0.580s]   Error processing 'int volt' of 'custom_msg1/LogTf': ''int' is an invalid
[0.580s]   message name.  It should have the pattern '^[A-Z][A-Za-z0-9]*$''
[0.580s] 
[0.580s]   Traceback (most recent call last):
[0.580s] 
[0.580s]     File "/usr/lib/python3.10/runpy.py", line 196, in _run_module_as_main
[0.580s]       return _run_code(code, main_globals, None,
[0.580s]     File "/usr/lib/python3.10/runpy.py", line 86, in _run_code
[0.580s]       exec(code, run_globals)
[0.580s]     File "/opt/ros/humble/local/lib/python3.10/dist-packages/rosidl_adapter/__main__.py", line 19, in <module>
[0.580s]       sys.exit(main())
[0.580s]     File "/opt/ros/humble/local/lib/python3.10/dist-packages/rosidl_adapter/main.py", line 53, in main
[0.581s]       abs_idl_file = convert_to_idl(
[0.581s]     File "/opt/ros/humble/local/lib/python3.10/dist-packages/rosidl_adapter/__init__.py", line 19, in convert_to_idl
[0.581s]       return convert_msg_to_idl(
[0.581s]     File "/opt/ros/humble/local/lib/python3.10/dist-packages/rosidl_adapter/msg/__init__.py", line 28, in convert_msg_to_idl
[0.581s]       msg = parse_message_string(package_name, input_file.stem, content)
[0.581s]     File "/opt/ros/humble/local/lib/python3.10/dist-packages/rosidl_adapter/parser.py", line 520, in parse_message_string
[0.581s]       Type(type_string, context_package_name=pkg_name),
[0.581s]     File "/opt/ros/humble/local/lib/python3.10/dist-packages/rosidl_adapter/parser.py", line 277, in __init__
[0.581s]       super(Type, self).__init__(
[0.581s]     File "/opt/ros/humble/local/lib/python3.10/dist-packages/rosidl_adapter/parser.py", line 205, in __init__
[0.581s]       raise InvalidResourceName(
[0.581s] 
[0.581s]   rosidl_adapter.parser.InvalidResourceName: 'int' is an invalid message
[0.581s]   name.  It should have the pattern '^[A-Z][A-Za-z0-9]*$'
[0.582s] 
[0.582s] Call Stack (most recent call first):
[0.582s]   /opt/ros/humble/share/rosidl_cmake/cmake/rosidl_generate_interfaces.cmake:130 (rosidl_adapt_interfaces)
[0.582s]   CMakeLists.txt:13 (rosidl_generate_interfaces)
[0.582s] 
[0.582s] [0m
[0.582s] -- Configuring incomplete, errors occurred!
[0.582s] See also "/home/sajjad/Downloads/demo_ros2/ros2_ws/build/custom_msg1/CMakeFiles/CMakeOutput.log".
[0.586s] gmake: *** [Makefile:747: cmake_check_build_system] Error 1
[0.589s] Invoked command in '/home/sajjad/Downloads/demo_ros2/ros2_ws/build/custom_msg1' returned '2': CMAKE_PREFIX_PATH=/opt/ros/humble /usr/bin/cmake --build /home/sajjad/Downloads/demo_ros2/ros2_ws/build/custom_msg1 -- -j4 -l4
